AlarmClock3.0/samples/Iconicus/build/outputs/logs/manifest-merger-debug-report.txt
-- Merging decision tree log ---
manifest
ADDED from samples\Iconicus\AndroidManifest.xml:22:1-70:12
	package
		ADDED from samples\Iconicus\AndroidManifest.xml:23:5-35
		INJECTED from samples\Iconicus\AndroidManifest.xml
		INJECTED from samples\Iconicus\AndroidManifest.xml
	xmlns:android
		ADDED from samples\Iconicus\AndroidManifest.xml:22:11-69
uses-permission#android.permission.INTERNET
ADDED from samples\Iconicus\AndroidManifest.xml:25:5-66
	android:name
		ADDED from samples\Iconicus\AndroidManifest.xml:25:22-64
application
ADDED from samples\Iconicus\AndroidManifest.xml:27:5-68:19
MERGED from [com.facebook.android:facebook:4.6.0] AndroidManifest.xml:28:5-20
MERGED from [com.android.support:support-v4:22.2.0] AndroidManifest.xml:22:5-20
	android:label
		ADDED from samples\Iconicus\AndroidManifest.xml:30:9-41
	android:allowBackup
		ADDED from samples\Iconicus\AndroidManifest.xml:28:9-35
	android:icon
		ADDED from samples\Iconicus\AndroidManifest.xml:29:9-45
	android:theme
		ADDED from samples\Iconicus\AndroidManifest.xml:31:9-44
activity#com.example.iconicus.MainActivity
ADDED from samples\Iconicus\AndroidManifest.xml:32:9-56:20
	android:screenOrientation
		ADDED from samples\Iconicus\AndroidManifest.xml:34:13-49
	android:label
		ADDED from samples\Iconicus\AndroidManifest.xml:35:13-45
	android:name
		ADDED from samples\Iconicus\AndroidManifest.xml:33:13-41
intent-filter#android.intent.action.MAIN+android.intent.category.LAUNCHER
ADDED from samples\Iconicus\AndroidManifest.xml:36:13-40:29
action#android.intent.action.MAIN
ADDED from samples\Iconicus\AndroidManifest.xml:37:17-69
	android:name
		ADDED from samples\Iconicus\AndroidManifest.xml:37:25-66
category#android.intent.category.LAUNCHER
ADDED from samples\Iconicus\AndroidManifest.xml:39:17-77
	android:name
		ADDED from samples\Iconicus\AndroidManifest.xml:39:27-74
intent-filter#android.intent.action.VIEW+android.intent.category.BROWSABLE+android.intent.category.DEFAULT
ADDED from samples\Iconicus\AndroidManifest.xml:41:13-49:29
data
ADDED from samples\Iconicus\AndroidManifest.xml:42:17-45:56
	android:path
		ADDED from samples\Iconicus\AndroidManifest.xml:45:21-53
	android:host
		ADDED from samples\Iconicus\AndroidManifest.xml:44:21-41
	android:scheme
		ADDED from samples\Iconicus\AndroidManifest.xml:43:21-43
category#android.intent.category.DEFAULT
ADDED from samples\Iconicus\AndroidManifest.xml:46:17-76
	android:name
		ADDED from samples\Iconicus\AndroidManifest.xml:46:27-73
category#android.intent.category.BROWSABLE
ADDED from samples\Iconicus\AndroidManifest.xml:47:17-78
	android:name
		ADDED from samples\Iconicus\AndroidManifest.xml:47:27-75
action#android.intent.action.VIEW
ADDED from samples\Iconicus\AndroidManifest.xml:48:17-69
	android:name
		ADDED from samples\Iconicus\AndroidManifest.xml:48:25-66
activity#com.facebook.FacebookActivity
ADDED from samples\Iconicus\AndroidManifest.xml:58:9-62:48
	android:label
		ADDED from samples\Iconicus\AndroidManifest.xml:62:13-45
	android:configChanges
		ADDED from samples\Iconicus\AndroidManifest.xml:59:13-113
	android:theme
		ADDED from samples\Iconicus\AndroidManifest.xml:61:13-72
	android:name
		ADDED from samples\Iconicus\AndroidManifest.xml:58:19-63
meta-data#com.facebook.sdk.ApplicationId
ADDED from samples\Iconicus\AndroidManifest.xml:64:9-66:54
	android:value
		ADDED from samples\Iconicus\AndroidManifest.xml:66:13-52
	android:name
		ADDED from samples\Iconicus\AndroidManifest.xml:65:13-58
uses-sdk
INJECTED from samples\Iconicus\AndroidManifest.xml reason: use-sdk injection requested
MERGED from [com.facebook.android:facebook:4.6.0] AndroidManifest.xml:24:5-26:41
MERGED from [com.android.support:support-v4:22.2.0] AndroidManifest.xml:20:5-43
	android:targetSdkVersion
		INJECTED from samples\Iconicus\AndroidManifest.xml
		INJECTED from samples\Iconicus\AndroidManifest.xml
	android:minSdkVersion
		INJECTED from samples\Iconicus\AndroidManifest.xml
		INJECTED from samples\Iconicus\AndroidManifest.xml